{"/home/runner/work/pob-monorepo-test-repository/pob-monorepo-test-repository/packages/pob-test-package-in-monorepo/lib/index.js": {"path":"/home/runner/work/pob-monorepo-test-repository/pob-monorepo-test-repository/packages/pob-test-package-in-monorepo/lib/index.js","statementMap":{},"fnMap":{},"branchMap":{},"s":{},"f":{},"b":{},"_coverageSchema":"1a1c01bbd47fc00a2c39e90264f33305004495a9","hash":"b3739471a61eb0ca971458905243bebd75daa361"}
,"/home/runner/work/pob-monorepo-test-repository/pob-monorepo-test-repository/packages/pob-test-typescript-package-in-monorepo/src/index.ts": {"path":"/home/runner/work/pob-monorepo-test-repository/pob-monorepo-test-repository/packages/pob-test-typescript-package-in-monorepo/src/index.ts","statementMap":{},"fnMap":{},"branchMap":{},"s":{},"f":{},"b":{},"_coverageSchema":"1a1c01bbd47fc00a2c39e90264f33305004495a9","hash":"856135818a209bf804fadc094dd48f3d6d145c7d"}
}
